Epoch: [0]	Time 0.826	Data 0.085	Loss 4.1490	Prec@1 20.521	Prec@5 40.417
Epoch: [1]	Time 0.824	Data 0.087	Loss 3.0070	Prec@1 36.381	Prec@5 61.006
Epoch: [2]	Time 0.825	Data 0.087	Loss 2.6909	Prec@1 41.706	Prec@5 66.393
Epoch: [3]	Time 0.824	Data 0.087	Loss 2.5221	Prec@1 44.660	Prec@5 69.280
Epoch: [4]	Time 0.823	Data 0.087	Loss 2.4106	Prec@1 46.599	Prec@5 71.070
Epoch: [5]	Time 0.820	Data 0.085	Loss 2.3315	Prec@1 48.016	Prec@5 72.360
Epoch: [6]	Time 0.820	Data 0.085	Loss 2.2698	Prec@1 49.104	Prec@5 73.383
Epoch: [7]	Time 0.822	Data 0.087	Loss 2.2208	Prec@1 49.970	Prec@5 74.201
Epoch: [8]	Time 0.818	Data 0.085	Loss 2.1827	Prec@1 50.689	Prec@5 74.750
Epoch: [9]	Time 0.818	Data 0.083	Loss 2.1479	Prec@1 51.275	Prec@5 75.338
Epoch: [10]	Time 0.822	Data 0.088	Loss 2.1186	Prec@1 51.811	Prec@5 75.791
Epoch: [11]	Time 0.832	Data 0.099	Loss 2.0921	Prec@1 52.318	Prec@5 76.170
Epoch: [12]	Time 0.851	Data 0.116	Loss 2.0703	Prec@1 52.686	Prec@5 76.534
Epoch: [13]	Time 0.836	Data 0.101	Loss 2.0522	Prec@1 53.086	Prec@5 76.809
Epoch: [14]	Time 0.834	Data 0.099	Loss 2.0324	Prec@1 53.423	Prec@5 77.125
Epoch: [15]	Time 0.832	Data 0.097	Loss 2.0158	Prec@1 53.696	Prec@5 77.417
Epoch: [16]	Time 0.830	Data 0.096	Loss 2.0019	Prec@1 53.965	Prec@5 77.606
Epoch: [17]	Time 0.834	Data 0.099	Loss 1.9889	Prec@1 54.201	Prec@5 77.850
Epoch: [18]	Time 0.843	Data 0.107	Loss 1.9752	Prec@1 54.442	Prec@5 78.023
Epoch: [19]	Time 0.837	Data 0.102	Loss 1.9643	Prec@1 54.629	Prec@5 78.214
Epoch: [20]	Time 0.839	Data 0.105	Loss 1.9544	Prec@1 54.793	Prec@5 78.338
Epoch: [21]	Time 0.836	Data 0.101	Loss 1.9443	Prec@1 54.988	Prec@5 78.503
Epoch: [22]	Time 0.838	Data 0.104	Loss 1.9336	Prec@1 55.205	Prec@5 78.666
Epoch: [23]	Time 0.835	Data 0.101	Loss 1.9252	Prec@1 55.357	Prec@5 78.805
Epoch: [24]	Time 0.840	Data 0.104	Loss 1.9176	Prec@1 55.460	Prec@5 78.923
Epoch: [25]	Time 0.836	Data 0.101	Loss 1.9101	Prec@1 55.634	Prec@5 79.021
Epoch: [26]	Time 0.831	Data 0.096	Loss 1.9055	Prec@1 55.723	Prec@5 79.090
Epoch: [27]	Time 0.829	Data 0.094	Loss 1.9022	Prec@1 55.768	Prec@5 79.159
Epoch: [28]	Time 0.833	Data 0.098	Loss 1.8920	Prec@1 55.959	Prec@5 79.293
Epoch: [29]	Time 0.832	Data 0.097	Loss 1.8841	Prec@1 56.122	Prec@5 79.426
Epoch: [30]	Time 0.838	Data 0.101	Loss 1.8785	Prec@1 56.232	Prec@5 79.525
Epoch: [31]	Time 0.831	Data 0.096	Loss 1.8716	Prec@1 56.309	Prec@5 79.608
Epoch: [32]	Time 0.833	Data 0.099	Loss 1.8673	Prec@1 56.442	Prec@5 79.682
Epoch: [33]	Time 0.838	Data 0.104	Loss 1.8610	Prec@1 56.547	Prec@5 79.775
Epoch: [34]	Time 0.845	Data 0.110	Loss 1.8553	Prec@1 56.636	Prec@5 79.864
Epoch: [35]	Time 0.869	Data 0.134	Loss 1.8514	Prec@1 56.747	Prec@5 79.912
Epoch: [36]	Time 0.862	Data 0.130	Loss 1.8507	Prec@1 56.764	Prec@5 79.953
Epoch: [37]	Time 0.867	Data 0.136	Loss 1.8477	Prec@1 56.778	Prec@5 80.006
Epoch: [38]	Time 0.838	Data 0.103	Loss 1.8403	Prec@1 56.931	Prec@5 80.092
Epoch: [39]	Time 0.841	Data 0.106	Loss 1.8418	Prec@1 56.884	Prec@5 80.097
Epoch: [40]	Time 0.842	Data 0.108	Loss 1.6511	Prec@1 60.936	Prec@5 82.832
Epoch: [41]	Time 0.836	Data 0.101	Loss 1.6094	Prec@1 61.824	Prec@5 83.396
Epoch: [42]	Time 0.835	Data 0.101	Loss 1.5911	Prec@1 62.160	Prec@5 83.688
Epoch: [43]	Time 0.830	Data 0.097	Loss 1.5803	Prec@1 62.378	Prec@5 83.825
Epoch: [44]	Time 0.830	Data 0.096	Loss 1.5717	Prec@1 62.584	Prec@5 83.955
Epoch: [45]	Time 0.833	Data 0.099	Loss 1.5663	Prec@1 62.651	Prec@5 84.044
Epoch: [46]	Time 0.825	Data 0.091	Loss 1.5607	Prec@1 62.736	Prec@5 84.117
Epoch: [47]	Time 0.826	Data 0.091	Loss 1.5589	Prec@1 62.743	Prec@5 84.144
Epoch: [48]	Time 0.826	Data 0.091	Loss 1.5549	Prec@1 62.858	Prec@5 84.171
Epoch: [49]	Time 0.828	Data 0.093	Loss 1.5519	Prec@1 62.854	Prec@5 84.267
Epoch: [50]	Time 0.825	Data 0.091	Loss 1.5101	Prec@1 63.800	Prec@5 84.819
Epoch: [51]	Time 0.827	Data 0.093	Loss 1.5028	Prec@1 63.969	Prec@5 84.907
Epoch: [52]	Time 0.832	Data 0.098	Loss 1.5012	Prec@1 63.975	Prec@5 84.903
Epoch: [53]	Time 0.830	Data 0.097	Loss 1.4989	Prec@1 64.032	Prec@5 84.969
Epoch: [54]	Time 0.831	Data 0.097	Loss 1.4984	Prec@1 64.048	Prec@5 84.992
Epoch: [55]	Time 0.840	Data 0.107	Loss 1.4972	Prec@1 64.045	Prec@5 85.010
Epoch: [56]	Time 0.834	Data 0.101	Loss 1.4980	Prec@1 64.014	Prec@5 84.996
Epoch: [57]	Time 0.832	Data 0.099	Loss 1.4965	Prec@1 64.095	Prec@5 85.020
Epoch: [58]	Time 0.832	Data 0.099	Loss 1.4963	Prec@1 64.047	Prec@5 85.015
Epoch: [59]	Time 0.828	Data 0.093	Loss 1.4964	Prec@1 64.112	Prec@5 84.998
Epoch: [60]	Time 0.830	Data 0.095	Loss 1.4946	Prec@1 64.077	Prec@5 85.051
Epoch: [61]	Time 0.829	Data 0.094	Loss 1.4952	Prec@1 64.072	Prec@5 85.015
Epoch: [62]	Time 0.828	Data 0.095	Loss 1.4956	Prec@1 64.088	Prec@5 85.019
Epoch: [63]	Time 0.826	Data 0.092	Loss 1.4955	Prec@1 64.103	Prec@5 85.014
Epoch: [64]	Time 0.833	Data 0.099	Loss 1.4948	Prec@1 64.086	Prec@5 85.038
Epoch: [65]	Time 0.831	Data 0.095	Loss 1.4803	Prec@1 64.424	Prec@5 85.250
Epoch: [66]	Time 0.833	Data 0.097	Loss 1.4787	Prec@1 64.415	Prec@5 85.262
Epoch: [67]	Time 0.840	Data 0.103	Loss 1.4768	Prec@1 64.482	Prec@5 85.297
Epoch: [68]	Time 0.832	Data 0.097	Loss 1.4772	Prec@1 64.491	Prec@5 85.288
Epoch: [69]	Time 0.823	Data 0.089	Loss 1.4791	Prec@1 64.458	Prec@5 85.248
Epoch: [70]	Time 0.823	Data 0.089	Loss 1.4780	Prec@1 64.474	Prec@5 85.280
Epoch: [71]	Time 0.820	Data 0.086	Loss 1.4786	Prec@1 64.438	Prec@5 85.297
Epoch: [72]	Time 0.827	Data 0.093	Loss 1.4778	Prec@1 64.475	Prec@5 85.227
Epoch: [73]	Time 0.839	Data 0.106	Loss 1.4773	Prec@1 64.482	Prec@5 85.312
Epoch: [74]	Time 0.846	Data 0.112	Loss 1.4782	Prec@1 64.452	Prec@5 85.259
Epoch: [75]	Time 0.851	Data 0.118	Loss 1.4776	Prec@1 64.453	Prec@5 85.246
Epoch: [76]	Time 0.824	Data 0.090	Loss 1.4774	Prec@1 64.461	Prec@5 85.300
Epoch: [77]	Time 0.831	Data 0.096	Loss 1.4803	Prec@1 64.391	Prec@5 85.230
Epoch: [78]	Time 0.824	Data 0.090	Loss 1.4795	Prec@1 64.418	Prec@5 85.242
Epoch: [79]	Time 0.828	Data 0.095	Loss 1.4793	Prec@1 64.394	Prec@5 85.244
Epoch: [80]	Time 0.836	Data 0.102	Loss 1.4731	Prec@1 64.560	Prec@5 85.322
Epoch: [81]	Time 0.827	Data 0.093	Loss 1.4723	Prec@1 64.607	Prec@5 85.359
Epoch: [82]	Time 0.829	Data 0.093	Loss 1.4719	Prec@1 64.608	Prec@5 85.357
Epoch: [83]	Time 0.829	Data 0.094	Loss 1.4715	Prec@1 64.576	Prec@5 85.358
Epoch: [84]	Time 0.827	Data 0.091	Loss 1.4730	Prec@1 64.523	Prec@5 85.335
Epoch: [85]	Time 0.826	Data 0.090	Loss 1.4719	Prec@1 64.563	Prec@5 85.356
Epoch: [86]	Time 4.194	Data 3.458	Loss 1.4723	Prec@1 64.566	Prec@5 85.356
Epoch: [87]	Time 0.831	Data 0.096	Loss 1.4731	Prec@1 64.560	Prec@5 85.343
Epoch: [88]	Time 0.824	Data 0.088	Loss 1.4723	Prec@1 64.576	Prec@5 85.337
Epoch: [89]	Time 0.829	Data 0.094	Loss 1.4730	Prec@1 64.562	Prec@5 85.337
Epoch: [90]	Time 0.829	Data 0.093	Loss 1.4733	Prec@1 64.594	Prec@5 85.336
Epoch: [91]	Time 0.825	Data 0.090	Loss 1.4732	Prec@1 64.542	Prec@5 85.319
Epoch: [92]	Time 0.827	Data 0.092	Loss 1.4740	Prec@1 64.554	Prec@5 85.320
Epoch: [93]	Time 0.830	Data 0.093	Loss 1.4741	Prec@1 64.519	Prec@5 85.326
Epoch: [94]	Time 0.834	Data 0.099	Loss 1.4725	Prec@1 64.583	Prec@5 85.339
Epoch: [95]	Time 0.832	Data 0.096	Loss 1.4747	Prec@1 64.541	Prec@5 85.320
Epoch: [96]	Time 0.834	Data 0.095	Loss 1.4747	Prec@1 64.560	Prec@5 85.323
Epoch: [97]	Time 0.825	Data 0.090	Loss 1.4730	Prec@1 64.521	Prec@5 85.333
Epoch: [98]	Time 0.826	Data 0.090	Loss 1.4750	Prec@1 64.527	Prec@5 85.318
Epoch: [99]	Time 0.834	Data 0.098	Loss 1.4743	Prec@1 64.512	Prec@5 85.350
