Epoch: [0]	Time 0.775	Data 0.345	Loss 4.3626	Prec@1 18.150	Prec@5 36.943
Epoch: [1]	Time 0.802	Data 0.377	Loss 3.3712	Prec@1 31.093	Prec@5 54.697
Epoch: [2]	Time 0.806	Data 0.378	Loss 3.0682	Prec@1 35.905	Prec@5 60.097
Epoch: [3]	Time 0.790	Data 0.366	Loss 2.9073	Prec@1 38.496	Prec@5 62.785
Epoch: [4]	Time 0.824	Data 0.398	Loss 2.8042	Prec@1 40.262	Prec@5 64.559
Epoch: [5]	Time 0.788	Data 0.363	Loss 2.7274	Prec@1 41.516	Prec@5 65.835
Epoch: [6]	Time 0.803	Data 0.378	Loss 2.6687	Prec@1 42.533	Prec@5 66.780
Epoch: [7]	Time 0.798	Data 0.372	Loss 2.6212	Prec@1 43.327	Prec@5 67.597
Epoch: [8]	Time 0.786	Data 0.363	Loss 2.5882	Prec@1 43.885	Prec@5 68.142
Epoch: [9]	Time 0.800	Data 0.377	Loss 2.5571	Prec@1 44.364	Prec@5 68.665
Epoch: [10]	Time 0.985	Data 0.558	Loss 2.5285	Prec@1 44.874	Prec@5 69.168
Epoch: [11]	Time 0.809	Data 0.384	Loss 2.5053	Prec@1 45.260	Prec@5 69.535
Epoch: [12]	Time 0.771	Data 0.347	Loss 2.4848	Prec@1 45.638	Prec@5 69.838
Epoch: [13]	Time 0.783	Data 0.356	Loss 2.4690	Prec@1 45.911	Prec@5 70.157
Epoch: [14]	Time 0.772	Data 0.346	Loss 2.4519	Prec@1 46.200	Prec@5 70.430
Epoch: [15]	Time 0.781	Data 0.356	Loss 2.4365	Prec@1 46.472	Prec@5 70.692
Epoch: [16]	Time 0.777	Data 0.350	Loss 2.4217	Prec@1 46.670	Prec@5 70.898
Epoch: [17]	Time 0.780	Data 0.352	Loss 2.4100	Prec@1 46.912	Prec@5 71.078
Epoch: [18]	Time 0.779	Data 0.354	Loss 2.3994	Prec@1 47.103	Prec@5 71.231
Epoch: [19]	Time 0.797	Data 0.371	Loss 2.3883	Prec@1 47.244	Prec@5 71.458
Epoch: [20]	Time 0.802	Data 0.375	Loss 2.3760	Prec@1 47.489	Prec@5 71.644
Epoch: [21]	Time 0.783	Data 0.360	Loss 2.3699	Prec@1 47.617	Prec@5 71.748
Epoch: [22]	Time 0.784	Data 0.362	Loss 2.3605	Prec@1 47.723	Prec@5 71.927
Epoch: [23]	Time 0.799	Data 0.373	Loss 2.3517	Prec@1 47.899	Prec@5 72.045
Epoch: [24]	Time 0.793	Data 0.365	Loss 2.3474	Prec@1 47.994	Prec@5 72.136
Epoch: [25]	Time 0.777	Data 0.351	Loss 2.3405	Prec@1 48.073	Prec@5 72.265
Epoch: [26]	Time 0.776	Data 0.351	Loss 2.3314	Prec@1 48.297	Prec@5 72.412
Epoch: [27]	Time 0.787	Data 0.361	Loss 2.3255	Prec@1 48.355	Prec@5 72.482
Epoch: [28]	Time 0.787	Data 0.361	Loss 2.3201	Prec@1 48.442	Prec@5 72.549
Epoch: [29]	Time 0.791	Data 0.366	Loss 2.3169	Prec@1 48.514	Prec@5 72.639
Epoch: [30]	Time 0.782	Data 0.355	Loss 2.3099	Prec@1 48.594	Prec@5 72.744
Epoch: [31]	Time 0.775	Data 0.349	Loss 2.3036	Prec@1 48.738	Prec@5 72.822
Epoch: [32]	Time 0.770	Data 0.346	Loss 2.3010	Prec@1 48.802	Prec@5 72.874
Epoch: [33]	Time 0.774	Data 0.348	Loss 2.2998	Prec@1 48.775	Prec@5 72.903
Epoch: [34]	Time 0.777	Data 0.350	Loss 2.2956	Prec@1 48.924	Prec@5 72.972
Epoch: [35]	Time 0.773	Data 0.347	Loss 2.2915	Prec@1 48.956	Prec@5 73.062
Epoch: [36]	Time 0.777	Data 0.350	Loss 2.2861	Prec@1 49.088	Prec@5 73.137
Epoch: [37]	Time 0.773	Data 0.346	Loss 2.2814	Prec@1 49.114	Prec@5 73.190
Epoch: [38]	Time 0.780	Data 0.353	Loss 2.2779	Prec@1 49.179	Prec@5 73.250
Epoch: [39]	Time 0.774	Data 0.351	Loss 2.2739	Prec@1 49.204	Prec@5 73.311
Epoch: [40]	Time 0.782	Data 0.356	Loss 2.0752	Prec@1 53.271	Prec@5 76.459
Epoch: [41]	Time 0.780	Data 0.354	Loss 2.0376	Prec@1 53.945	Prec@5 77.013
Epoch: [42]	Time 0.778	Data 0.352	Loss 2.0251	Prec@1 54.192	Prec@5 77.184
Epoch: [43]	Time 0.776	Data 0.350	Loss 2.0197	Prec@1 54.303	Prec@5 77.252
Epoch: [44]	Time 0.774	Data 0.351	Loss 2.0131	Prec@1 54.434	Prec@5 77.363
Epoch: [45]	Time 0.792	Data 0.368	Loss 2.0120	Prec@1 54.395	Prec@5 77.361
Epoch: [46]	Time 0.789	Data 0.359	Loss 2.0082	Prec@1 54.446	Prec@5 77.430
Epoch: [47]	Time 0.785	Data 0.361	Loss 2.0070	Prec@1 54.478	Prec@5 77.450
Epoch: [48]	Time 0.785	Data 0.356	Loss 2.0045	Prec@1 54.520	Prec@5 77.505
Epoch: [49]	Time 0.806	Data 0.377	Loss 2.0039	Prec@1 54.515	Prec@5 77.501
Epoch: [50]	Time 0.827	Data 0.399	Loss 1.9506	Prec@1 55.577	Prec@5 78.291
Epoch: [51]	Time 0.836	Data 0.410	Loss 1.9444	Prec@1 55.751	Prec@5 78.400
Epoch: [52]	Time 0.815	Data 0.388	Loss 1.9443	Prec@1 55.761	Prec@5 78.403
Epoch: [53]	Time 0.809	Data 0.380	Loss 1.9450	Prec@1 55.722	Prec@5 78.406
Epoch: [54]	Time 0.814	Data 0.384	Loss 1.9448	Prec@1 55.758	Prec@5 78.379
Epoch: [55]	Time 0.824	Data 0.395	Loss 1.9455	Prec@1 55.708	Prec@5 78.365
Epoch: [56]	Time 0.825	Data 0.393	Loss 1.9447	Prec@1 55.719	Prec@5 78.410
Epoch: [57]	Time 0.816	Data 0.386	Loss 1.9448	Prec@1 55.733	Prec@5 78.364
Epoch: [58]	Time 0.814	Data 0.384	Loss 1.9465	Prec@1 55.689	Prec@5 78.372
Epoch: [59]	Time 0.803	Data 0.378	Loss 1.9455	Prec@1 55.679	Prec@5 78.382
Epoch: [60]	Time 0.808	Data 0.377	Loss 1.9460	Prec@1 55.714	Prec@5 78.369
Epoch: [61]	Time 0.803	Data 0.372	Loss 1.9461	Prec@1 55.724	Prec@5 78.366
Epoch: [62]	Time 0.799	Data 0.371	Loss 1.9465	Prec@1 55.683	Prec@5 78.355
Epoch: [63]	Time 0.821	Data 0.391	Loss 1.9469	Prec@1 55.645	Prec@5 78.338
Epoch: [64]	Time 0.810	Data 0.380	Loss 1.9466	Prec@1 55.642	Prec@5 78.357
Epoch: [65]	Time 0.810	Data 0.382	Loss 1.9243	Prec@1 56.126	Prec@5 78.746
Epoch: [66]	Time 0.805	Data 0.378	Loss 1.9224	Prec@1 56.194	Prec@5 78.741
Epoch: [67]	Time 0.814	Data 0.386	Loss 1.9234	Prec@1 56.154	Prec@5 78.722
Epoch: [68]	Time 0.804	Data 0.376	Loss 1.9242	Prec@1 56.164	Prec@5 78.721
Epoch: [69]	Time 0.811	Data 0.379	Loss 1.9251	Prec@1 56.088	Prec@5 78.649
Epoch: [70]	Time 0.800	Data 0.374	Loss 1.9258	Prec@1 56.088	Prec@5 78.682
Epoch: [71]	Time 0.811	Data 0.383	Loss 1.9250	Prec@1 56.120	Prec@5 78.662
Epoch: [72]	Time 0.806	Data 0.377	Loss 1.9262	Prec@1 56.127	Prec@5 78.688
Epoch: [73]	Time 0.797	Data 0.371	Loss 1.9258	Prec@1 56.090	Prec@5 78.703
Epoch: [74]	Time 0.789	Data 0.364	Loss 1.9272	Prec@1 56.045	Prec@5 78.671
Epoch: [75]	Time 0.791	Data 0.362	Loss 1.9262	Prec@1 56.079	Prec@5 78.659
Epoch: [76]	Time 0.805	Data 0.377	Loss 1.9282	Prec@1 56.019	Prec@5 78.634
Epoch: [77]	Time 0.791	Data 0.363	Loss 1.9279	Prec@1 56.088	Prec@5 78.629
Epoch: [78]	Time 0.798	Data 0.368	Loss 1.9299	Prec@1 56.003	Prec@5 78.620
Epoch: [79]	Time 0.797	Data 0.367	Loss 1.9280	Prec@1 56.083	Prec@5 78.664
Epoch: [80]	Time 0.822	Data 0.393	Loss 1.9140	Prec@1 56.325	Prec@5 78.860
Epoch: [81]	Time 0.807	Data 0.377	Loss 1.9150	Prec@1 56.283	Prec@5 78.841
Epoch: [82]	Time 0.803	Data 0.373	Loss 1.9136	Prec@1 56.347	Prec@5 78.871
Epoch: [83]	Time 0.793	Data 0.365	Loss 1.9160	Prec@1 56.286	Prec@5 78.823
Epoch: [84]	Time 0.796	Data 0.368	Loss 1.9174	Prec@1 56.269	Prec@5 78.785
Epoch: [85]	Time 0.806	Data 0.375	Loss 1.9182	Prec@1 56.267	Prec@5 78.795
Epoch: [86]	Time 0.804	Data 0.375	Loss 1.9179	Prec@1 56.241	Prec@5 78.823
Epoch: [87]	Time 0.807	Data 0.376	Loss 1.9199	Prec@1 56.228	Prec@5 78.788
Epoch: [88]	Time 0.793	Data 0.366	Loss 1.9191	Prec@1 56.255	Prec@5 78.768
Epoch: [89]	Time 0.790	Data 0.366	Loss 1.9210	Prec@1 56.195	Prec@5 78.740
Epoch: [90]	Time 0.784	Data 0.357	Loss 1.9193	Prec@1 56.213	Prec@5 78.810
Epoch: [91]	Time 0.775	Data 0.349	Loss 1.9189	Prec@1 56.234	Prec@5 78.785
Epoch: [92]	Time 0.776	Data 0.353	Loss 1.9212	Prec@1 56.190	Prec@5 78.779
Epoch: [93]	Time 0.781	Data 0.353	Loss 1.9207	Prec@1 56.211	Prec@5 78.716
Epoch: [94]	Time 0.780	Data 0.355	Loss 1.9215	Prec@1 56.193	Prec@5 78.745
Epoch: [95]	Time 0.782	Data 0.355	Loss 1.9225	Prec@1 56.174	Prec@5 78.748
Epoch: [96]	Time 0.781	Data 0.357	Loss 1.9229	Prec@1 56.138	Prec@5 78.704
Epoch: [97]	Time 0.785	Data 0.359	Loss 1.9218	Prec@1 56.196	Prec@5 78.745
Epoch: [98]	Time 0.783	Data 0.357	Loss 1.9231	Prec@1 56.155	Prec@5 78.725
Epoch: [99]	Time 0.782	Data 0.355	Loss 1.9233	Prec@1 56.184	Prec@5 78.700
